<?xml version="1.0" encoding="UTF-8"?>
<testsuite name="com.thoughtworks.kata.VowelRemoverTest" tests="5" skipped="0" failures="0" errors="0" timestamp="2017-01-24T23:13:58" hostname="JoyeNettles-3.local" time="0.003">
  <properties/>
  <testcase name="givenASingleVowelShouldReturnEmptyString" classname="com.thoughtworks.kata.VowelRemoverTest" time="0.002"/>
  <testcase name="givenAWordWithLowerCaseVowelsShouldReturnStringWithoutVowels" classname="com.thoughtworks.kata.VowelRemoverTest" time="0.0"/>
  <testcase name="givenAWordOfAllSpecialCharacterShouldReturnTheSameWord" classname="com.thoughtworks.kata.VowelRemoverTest" time="0.001"/>
  <testcase name="givenAWordWithUppercaseVowelsShouldReturnStringWithoutVowels" classname="com.thoughtworks.kata.VowelRemoverTest" time="0.0"/>
  <testcase name="givenASentenceReturnsWordsWithoutVowels" classname="com.thoughtworks.kata.VowelRemoverTest" time="0.0"/>
  <system-out><![CDATA[]]></system-out>
  <system-err><![CDATA[]]></system-err>
</testsuite>
